<?xml version="1.0" encoding="UTF-8"?>
<testng-results skipped="0" failed="1" total="2" passed="1">
  <reporter-output>
  </reporter-output>
  <suite name="Default suite" duration-ms="12388" started-at="2021-06-11T16:05:35Z" finished-at="2021-06-11T16:05:48Z">
    <groups>
    </groups>
    <test name="Default test" duration-ms="12388" started-at="2021-06-11T16:05:35Z" finished-at="2021-06-11T16:05:48Z">
      <class name="selenium.task4.TestTheSearchField">
        <test-method status="PASS" signature="init()[pri:0, instance:selenium.task4.TestTheSearchField@649d209a]" name="init" is-config="true" duration-ms="5956" started-at="2021-06-11T17:05:35Z" finished-at="2021-06-11T17:05:41Z">
          <reporter-output>
          </reporter-output>
        </test-method> <!-- init -->
        <test-method status="PASS" signature="enterKeywordsThatDoNotReturnResults()[pri:0, instance:selenium.task4.TestTheSearchField@649d209a]" name="enterKeywordsThatDoNotReturnResults" duration-ms="2314" started-at="2021-06-11T17:05:41Z" finished-at="2021-06-11T17:05:43Z">
          <reporter-output>
          </reporter-output>
        </test-method> <!-- enterKeywordsThatDoNotReturnResults -->
        <test-method status="FAIL" signature="enterKeywordsThatReturnsResults()[pri:0, instance:selenium.task4.TestTheSearchField@649d209a]" name="enterKeywordsThatReturnsResults" duration-ms="3201" started-at="2021-06-11T17:05:43Z" finished-at="2021-06-11T17:05:47Z">
          <exception class="java.lang.AssertionError">
            <message>
              <![CDATA[expected [true] but found [false]]]>
            </message>
            <full-stacktrace>
              <![CDATA[java.lang.AssertionError: expected [true] but found [false]
	at org.testng.Assert.fail(Assert.java:94)
	at org.testng.Assert.failNotEquals(Assert.java:513)
	at org.testng.Assert.assertTrue(Assert.java:42)
	at org.testng.Assert.assertTrue(Assert.java:52)
	at selenium.task4.TestTheSearchField.enterKeywordsThatReturnsResults(TestTheSearchField.java:22)
	at sun.reflect.NativeMethodAccessorImpl.invoke0(Native Method)
	at sun.reflect.NativeMethodAccessorImpl.invoke(Unknown Source)
	at sun.reflect.DelegatingMethodAccessorImpl.invoke(Unknown Source)
	at java.lang.reflect.Method.invoke(Unknown Source)
	at org.testng.internal.MethodInvocationHelper.invokeMethod(MethodInvocationHelper.java:86)
	at org.testng.internal.Invoker.invokeMethod(Invoker.java:645)
	at org.testng.internal.Invoker.invokeTestMethod(Invoker.java:822)
	at org.testng.internal.Invoker.invokeTestMethods(Invoker.java:1130)
	at org.testng.internal.TestMethodWorker.invokeTestMethods(TestMethodWorker.java:129)
	at org.testng.internal.TestMethodWorker.run(TestMethodWorker.java:112)
	at org.testng.TestRunner.privateRun(TestRunner.java:782)
	at org.testng.TestRunner.run(TestRunner.java:632)
	at org.testng.SuiteRunner.runTest(SuiteRunner.java:366)
	at org.testng.SuiteRunner.runSequentially(SuiteRunner.java:361)
	at org.testng.SuiteRunner.privateRun(SuiteRunner.java:319)
	at org.testng.SuiteRunner.run(SuiteRunner.java:268)
	at org.testng.SuiteRunnerWorker.runSuite(SuiteRunnerWorker.java:52)
	at org.testng.SuiteRunnerWorker.run(SuiteRunnerWorker.java:86)
	at org.testng.TestNG.runSuitesSequentially(TestNG.java:1244)
	at org.testng.TestNG.runSuitesLocally(TestNG.java:1169)
	at org.testng.TestNG.run(TestNG.java:1064)
	at org.testng.remote.RemoteTestNG.run(RemoteTestNG.java:113)
	at org.testng.remote.RemoteTestNG.initAndRun(RemoteTestNG.java:206)
	at org.testng.remote.RemoteTestNG.main(RemoteTestNG.java:177)
]]>
            </full-stacktrace>
          </exception> <!-- java.lang.AssertionError -->
          <reporter-output>
          </reporter-output>
        </test-method> <!-- enterKeywordsThatReturnsResults -->
        <test-method status="PASS" signature="quitDriver()[pri:0, instance:selenium.task4.TestTheSearchField@649d209a]" name="quitDriver" is-config="true" duration-ms="895" started-at="2021-06-11T17:05:47Z" finished-at="2021-06-11T17:05:48Z">
          <reporter-output>
          </reporter-output>
        </test-method> <!-- quitDriver -->
      </class> <!-- selenium.task4.TestTheSearchField -->
    </test> <!-- Default test -->
  </suite> <!-- Default suite -->
</testng-results>
